Add-in Express Registrator Log File: 05/13/2018 20:25:48

Installation directory: C:\Program Files\WinZip\
Registrator version: 8.4.4395.0
Operating System: Microsoft Windows 10 (build 16299), 64-bit
Process Owner: Administrator
Command Line: "C:\Program Files\WinZip\adxregistrator.exe" /uninstall="C:\Program Files\WinZip\WinZipExpressForOffice.dll" /privileges=user
Run 'As Administrator': Yes
Process Elevated: Yes
Integrity Level: High
UAC (User Account Control): On
--------------------------------------------------------------
20:25:48 0532 Starting the add-in unregistration process.
20:25:48 0532 Loading mscoree.dll
20:25:48 0532 Success.
20:25:48 0532 .NET Framework installation directory: 
20:25:48 0532 The latest version of .NET Framework: 'v4.0.30319'
20:25:48 0532 Loading CLR: v4.0.30319.
20:25:48 0532 Calling CLRCreateInstance method.
20:25:48 0532 Success.
20:25:48 0532 Calling GetRuntime method.
20:25:48 0532 Success.
20:25:48 0532 Checking if the hosting API of .NET Framework v4.0 beta is installed.
20:25:48 0532 The hosting API is up to date.
20:25:48 0532 Calling GetInterface method for the CorRuntimeHost interface.
20:25:48 0532 Success.
20:25:48 0532 Starting CLR...
20:25:48 0532 Success.
20:25:48 0532 Getting the CLR version.
20:25:48 0532 The CLR v4.0.30319 has been initialized successfully.
20:25:48 0532 Creating a new domain setup.
20:25:48 0532 Success.
20:25:48 0532 The 'shadow copy' is disabled.
20:25:48 0532 Creating a new application domain.
20:25:48 0532 Success.
20:25:48 0532 Getting the base directory for the domain.
20:25:48 0532 Success. The directory is 'C:\Program Files\WinZip\'.
20:25:48 0532 Searching for the Add-in Express core library.
20:25:48 0532 Success. The 'AddinExpress.MSO.2005.dll' file is found.
20:25:48 0532 Creating an instance of the 'AddinExpress.Deployment.ADXRegistrator' class.
20:25:48 0532 Assembly identity is 'AddinExpress.MSO.2005'.
20:25:48 0532 Success.
20:25:48 0532 Unwrapping the instance of the 'AddinExpress.Deployment.ADXRegistrator' class.
20:25:48 0532 Success.
20:25:48 0532 Calling the managed unregistration procedure (DISPID = 1610743823).
20:25:48 0532 Unregistration success.
20:25:48 0532 The add-in unregistration process is completed with HRESULT = 0.
